<?xml version="1.0" encoding="UTF-8"?>
<testsuite xmlns:xsi="http://www.w3.org/2001/XMLSchema-instance" xsi:noNamespaceSchemaLocation="https://maven.apache.org/surefire/maven-surefire-plugin/xsd/surefire-test-report-3.0.xsd" version="3.0" name="sk.umb.fpv.fja.zadanie_1.ApplicationTests" time="0.08" tests="2" errors="0" skipped="0" failures="0">
  <properties>
[...]
</properties>
  <testcase name="testForInvalidInputs" classname="sk.umb.fpv.fja.zadanie_1.ApplicationTests" time="0.022">
    <system-out><![CDATA[

	N <=> N
a	N <=> N
caab	N <=> N
aab	N <=> N
ababac	N <=> N
abc	N <=> N
]]></system-out>
  </testcase>
  <testcase name="testForValidInputs" classname="sk.umb.fpv.fja.zadanie_1.ApplicationTests" time="0.013">
    <system-out><![CDATA[

b	A <=> A
ab	A <=> A
aba	A <=> A
abab	A <=> A
abba	A <=> A
abaa	A <=> A


]]></system-out>
  </testcase>
</testsuite>